[debug] [2022-05-28T19:06:22.864Z] ----------------------------------------------------------------------
[debug] [2022-05-28T19:06:22.867Z] Command:       C:\Program Files\nodejs\node.exe C:\Users\akshi\AppData\Roaming\npm\node_modules\firebase-tools\lib\bin\firebase.js emulators:start
[debug] [2022-05-28T19:06:22.867Z] CLI Version:   11.0.0
[debug] [2022-05-28T19:06:22.867Z] Platform:      win32
[debug] [2022-05-28T19:06:22.868Z] Node Version:  v16.14.2
[debug] [2022-05-28T19:06:22.869Z] Time:          Sat May 28 2022 12:06:22 GMT-0700 (Pacific Daylight Time)
[debug] [2022-05-28T19:06:22.869Z] ----------------------------------------------------------------------
[debug] 
[debug] [2022-05-28T19:06:22.899Z] >>> [apiv2][query] GET https://firebase-public.firebaseio.com/cli.json [none]
[debug] [2022-05-28T19:06:23.127Z] > command requires scopes: ["email","openid","https://www.googleapis.com/auth/cloudplatformprojects.readonly","https://www.googleapis.com/auth/firebase","https://www.googleapis.com/auth/cloud-platform"]
[debug] [2022-05-28T19:06:23.127Z] > authorizing via signed-in user (akshitkeoliya4@gmail.com)
[info] i  emulators: Starting emulators: functions, hosting {"metadata":{"emulator":{"name":"hub"},"message":"Starting emulators: functions, hosting"}}
[warn] !  emulators: It seems that you are running multiple instances of the emulator suite for project clone-18m22. This may result in unexpected behavior. 
[debug] [2022-05-28T19:06:23.177Z] [hub] writing locator at C:\Users\akshi\AppData\Local\Temp\hub-clone-18m22.json
[warn] !  functions: The following emulators are not running, calls to these services from the Functions emulator will affect production: auth, firestore, database, pubsub, storage {"metadata":{"emulator":{"name":"functions"},"message":"The following emulators are not running, calls to these services from the Functions emulator will affect production: \u001b[1mauth, firestore, database, pubsub, storage\u001b[22m"}}
[info] +  functions: Using node@16 from host. {"metadata":{"emulator":{"name":"functions"},"message":"Using node@16 from host."}}
[debug] [2022-05-28T19:06:28.346Z] defaultcredentials: writing to file C:\Users\akshi\AppData\Roaming\firebase\akshitkeoliya4_gmail_com_application_default_credentials.json
[debug] [2022-05-28T19:06:28.358Z] Setting GAC to C:\Users\akshi\AppData\Roaming\firebase\akshitkeoliya4_gmail_com_application_default_credentials.json {"metadata":{"emulator":{"name":"functions"},"message":"Setting GAC to C:\\Users\\akshi\\AppData\\Roaming\\firebase\\akshitkeoliya4_gmail_com_application_default_credentials.json"}}
[debug] [2022-05-28T19:06:28.360Z] > refreshing access token with scopes: []
[debug] [2022-05-28T19:06:28.361Z] >>> HTTP REQUEST POST https://www.googleapis.com/oauth2/v3/token  
 <request body omitted>
[debug] [2022-05-28T19:06:28.443Z] <<< HTTP RESPONSE 200 {"cache-control":"no-cache, no-store, max-age=0, must-revalidate","pragma":"no-cache","expires":"Mon, 01 Jan 1990 00:00:00 GMT","date":"Sat, 28 May 2022 19:06:26 GMT","content-type":"application/json; charset=utf-8","vary":"X-Origin, Referer, Origin,Accept-Encoding","server":"scaffolding on HTTPServer2","x-xss-protection":"0","x-frame-options":"SAMEORIGIN","x-content-type-options":"nosniff","alt-svc":"h3=\":443\"; ma=2592000,h3-29=\":443\"; ma=2592000,h3-Q050=\":443\"; ma=2592000,h3-Q046=\":443\"; ma=2592000,h3-Q043=\":443\"; ma=2592000,quic=\":443\"; ma=2592000; v=\"46,43\"","accept-ranges":"none","transfer-encoding":"chunked"}
[debug] [2022-05-28T19:06:28.686Z] >>> [apiv2][query] GET https://firebase.googleapis.com/v1beta1/projects/clone-18m22/adminSdkConfig [none]
[debug] [2022-05-28T19:06:28.691Z] <<< [apiv2][status] GET https://firebase-public.firebaseio.com/cli.json 200
[debug] [2022-05-28T19:06:28.692Z] <<< [apiv2][body] GET https://firebase-public.firebaseio.com/cli.json {"cloudBuildErrorAfter":1594252800000,"cloudBuildWarnAfter":1590019200000,"defaultNode10After":1594252800000,"minVersion":"3.0.5","node8DeploysDisabledAfter":1613390400000,"node8RuntimeDisabledAfter":1615809600000,"node8WarnAfter":1600128000000}
[debug] [2022-05-28T19:06:29.068Z] <<< [apiv2][status] GET https://firebase.googleapis.com/v1beta1/projects/clone-18m22/adminSdkConfig 200
[debug] [2022-05-28T19:06:29.068Z] <<< [apiv2][body] GET https://firebase.googleapis.com/v1beta1/projects/clone-18m22/adminSdkConfig {"projectId":"clone-18m22","storageBucket":"clone-18m22.appspot.com","locationId":"us-central"}
[debug] [2022-05-28T19:06:29.168Z] >>> [apiv2][query] GET https://firebasehosting.googleapis.com/v1beta1/projects/clone-18m22/sites 
[debug] [2022-05-28T19:06:29.681Z] <<< [apiv2][status] GET https://firebasehosting.googleapis.com/v1beta1/projects/clone-18m22/sites 200
[debug] [2022-05-28T19:06:29.681Z] <<< [apiv2][body] GET https://firebasehosting.googleapis.com/v1beta1/projects/clone-18m22/sites {"sites":[{"name":"projects/clone-18m22/sites/clone-18m22","defaultUrl":"https://clone-18m22.web.app","appId":"1:1059207748886:web:f5d5feead7fecc95764437","type":"DEFAULT_SITE"}]}
[debug] [2022-05-28T19:06:29.681Z] >>> [apiv2][query] GET https://firebase.googleapis.com/v1beta1/projects/clone-18m22/webApps/1:1059207748886:web:f5d5feead7fecc95764437/config [none]
[debug] [2022-05-28T19:06:30.109Z] <<< [apiv2][status] GET https://firebase.googleapis.com/v1beta1/projects/clone-18m22/webApps/1:1059207748886:web:f5d5feead7fecc95764437/config 200
[debug] [2022-05-28T19:06:30.109Z] <<< [apiv2][body] GET https://firebase.googleapis.com/v1beta1/projects/clone-18m22/webApps/1:1059207748886:web:f5d5feead7fecc95764437/config {"projectId":"clone-18m22","appId":"1:1059207748886:web:f5d5feead7fecc95764437","storageBucket":"clone-18m22.appspot.com","locationId":"us-central","apiKey":"AIzaSyD9xq9fZuNoCL5GguVxhqtO7KhcJKoRXSk","authDomain":"clone-18m22.firebaseapp.com","messagingSenderId":"1059207748886","measurementId":"G-C5X8P59FJP"}
[info] i  hosting: Serving hosting files from: build {"metadata":{"emulator":{"name":"hosting"},"message":"Serving hosting files from: \u001b[1mbuild\u001b[22m"}}
[info] +  hosting: Local server: http://localhost:5000 {"metadata":{"emulator":{"name":"hosting"},"message":"Local server: \u001b[4m\u001b[1mhttp://localhost:5000\u001b[22m\u001b[24m"}}
[warn] !  ui: Emulator UI unable to start on port 4000, starting on 4002 instead. {"metadata":{"emulator":{"name":"ui"},"message":"Emulator UI unable to start on port 4000, starting on 4002 instead."}}
[debug] [2022-05-28T19:06:30.580Z] Ignoring unsupported arg: auto_download {"metadata":{"emulator":{"name":"ui"},"message":"Ignoring unsupported arg: auto_download"}}
[debug] [2022-05-28T19:06:30.581Z] Ignoring unsupported arg: port {"metadata":{"emulator":{"name":"ui"},"message":"Ignoring unsupported arg: port"}}
[debug] [2022-05-28T19:06:30.581Z] Starting Emulator UI with command {"binary":"node","args":["--dns-result-order=ipv4first","C:\\Users\\akshi\\.cache\\firebase\\emulators\\ui-v1.7.0\\server.bundle.js"],"optionalArgs":[],"joinArgs":false} {"metadata":{"emulator":{"name":"ui"},"message":"Starting Emulator UI with command {\"binary\":\"node\",\"args\":[\"--dns-result-order=ipv4first\",\"C:\\\\Users\\\\akshi\\\\.cache\\\\firebase\\\\emulators\\\\ui-v1.7.0\\\\server.bundle.js\"],\"optionalArgs\":[],\"joinArgs\":false}"}}
[info] i  ui: Emulator UI logging to ui-debug.log {"metadata":{"emulator":{"name":"ui"},"message":"Emulator UI logging to \u001b[1mui-debug.log\u001b[22m"}}
[debug] [2022-05-28T19:06:32.052Z] Web / API server started at localhost:4002
 {"metadata":{"emulator":{"name":"ui"},"message":"Web / API server started at localhost:4002\n"}}
[info] i  functions: Watching "D:\Study\Portfolio\amazon-clone\functions" for Cloud Functions... {"metadata":{"emulator":{"name":"functions"},"message":"Watching \"D:\\Study\\Portfolio\\amazon-clone\\functions\" for Cloud Functions..."}}
[debug] [2022-05-28T19:06:32.297Z] Validating nodejs source
[debug] [2022-05-28T19:06:47.486Z] > [functions] package.json contents: {
  "name": "functions",
  "description": "Cloud Functions for Firebase",
  "scripts": {
    "lint": "eslint .",
    "serve": "firebase emulators:start --only functions",
    "shell": "firebase functions:shell",
    "start": "npm run shell",
    "deploy": "firebase deploy --only functions",
    "logs": "firebase functions:log"
  },
  "engines": {
    "node": "16"
  },
  "main": "index.js",
  "dependencies": {
    "cors": "^2.8.5",
    "express": "^4.18.1",
    "firebase-admin": "^10.0.2",
    "firebase-functions": "^3.18.0",
    "stripe": "^9.4.0"
  },
  "devDependencies": {
    "eslint": "^8.9.0",
    "eslint-config-google": "^0.14.0",
    "firebase-functions-test": "^0.2.0"
  },
  "private": true
}
[debug] [2022-05-28T19:06:47.518Z] Building nodejs source
[debug] [2022-05-28T19:06:47.518Z] Analyzing nodejs backend spec
[debug] [2022-05-28T19:06:47.520Z] Could not find functions.yaml. Must use http discovery
[debug] [2022-05-28T19:06:56.422Z] Serving at port 9005

[debug] [2022-05-28T19:06:58.919Z] Got response from /__/functions.yaml {"endpoints":{"api":{"platform":"gcfv1","httpsTrigger":{},"entryPoint":"api"}},"specVersion":"v1alpha1","requiredAPIs":[]}
[debug] [2022-05-28T19:06:58.930Z] shutdown requested via /__/quitquitquit

[info] +  functions[us-central1-api]: http function initialized (http://localhost:5001/clone-18m22/us-central1/api). {"metadata":{"emulator":{"name":"functions"},"message":"\u001b[1mhttp\u001b[22m function initialized (http://localhost:5001/clone-18m22/us-central1/api)."}}
[info] 
┌─────────────────────────────────────────────────────────────┐
│ ✔  All emulators ready! It is now safe to connect your app. │
│ i  View Emulator UI at http://localhost:4002                │
└─────────────────────────────────────────────────────────────┘

┌───────────┬────────────────┬─────────────────────────────────┐
│ Emulator  │ Host:Port      │ View in Emulator UI             │
├───────────┼────────────────┼─────────────────────────────────┤
│ Functions │ localhost:5001 │ http://localhost:4002/functions │
├───────────┼────────────────┼─────────────────────────────────┤
│ Hosting   │ localhost:5000 │ n/a                             │
└───────────┴────────────────┴─────────────────────────────────┘
  Emulator Hub running at localhost:4400
  Other reserved ports: 4500

Issues? Report them at https://github.com/firebase/firebase-tools/issues and attach the *-debug.log files.
 
[debug] [2022-05-28T19:11:41.815Z] [work-queue] {"queueLength":1,"workRunningCount":0}
[debug] [2022-05-28T19:11:41.815Z] [work-queue] {"queueLength":0,"workRunningCount":1}
[debug] [2022-05-28T19:11:41.815Z] Accepted request POST /clone-18m22/us-central1/api/payments/create?total=59997 --> us-central1-api
[debug] [2022-05-28T19:11:41.825Z] [worker-pool] addWorker(us-central1-api) {"metadata":{"emulator":{"name":"functions"},"message":"[worker-pool] addWorker(us-central1-api)"}}
[debug] [2022-05-28T19:11:41.825Z] [worker-pool] Adding worker with key us-central1-api, total=1 {"metadata":{"emulator":{"name":"functions"},"message":"[worker-pool] Adding worker with key us-central1-api, total=1"}}
[debug] [2022-05-28T19:11:41.825Z] [worker-pool] submitWork(triggerId=us-central1-api) {"metadata":{"emulator":{"name":"functions"},"message":"[worker-pool] submitWork(triggerId=us-central1-api)"}}
[debug] [2022-05-28T19:11:41.826Z] [worker-us-central1-api-ce81e481-699f-4793-b162-9caf8bc337e8]: Assigning socketPath: \\?\pipe\D:\Study\Portfolio\amazon-clone\functions\15332 {"metadata":{"emulator":{"name":"functions"},"message":"[worker-us-central1-api-ce81e481-699f-4793-b162-9caf8bc337e8]: Assigning socketPath: \\\\?\\pipe\\D:\\Study\\Portfolio\\amazon-clone\\functions\\15332"}}
[debug] [2022-05-28T19:11:41.826Z] [worker-us-central1-api-ce81e481-699f-4793-b162-9caf8bc337e8]: BUSY {"metadata":{"emulator":{"name":"functions"},"message":"[worker-us-central1-api-ce81e481-699f-4793-b162-9caf8bc337e8]: BUSY"}}
[debug] [2022-05-28T19:11:41.829Z] [work-queue] {"queueLength":1,"workRunningCount":1}
[debug] [2022-05-28T19:11:41.829Z] [work-queue] {"queueLength":0,"workRunningCount":2}
[debug] [2022-05-28T19:11:41.829Z] Accepted request POST /clone-18m22/us-central1/api/payments/create?total=59997 --> us-central1-api
[debug] [2022-05-28T19:11:41.836Z] [worker-pool] addWorker(us-central1-api) {"metadata":{"emulator":{"name":"functions"},"message":"[worker-pool] addWorker(us-central1-api)"}}
[debug] [2022-05-28T19:11:41.836Z] [worker-pool] Adding worker with key us-central1-api, total=2 {"metadata":{"emulator":{"name":"functions"},"message":"[worker-pool] Adding worker with key us-central1-api, total=2"}}
[debug] [2022-05-28T19:11:41.837Z] [worker-pool] submitWork(triggerId=us-central1-api) {"metadata":{"emulator":{"name":"functions"},"message":"[worker-pool] submitWork(triggerId=us-central1-api)"}}
[debug] [2022-05-28T19:11:41.837Z] [worker-us-central1-api-e571f067-cbc8-4a06-b387-f21c10292597]: Assigning socketPath: \\?\pipe\D:\Study\Portfolio\amazon-clone\functions\11760 {"metadata":{"emulator":{"name":"functions"},"message":"[worker-us-central1-api-e571f067-cbc8-4a06-b387-f21c10292597]: Assigning socketPath: \\\\?\\pipe\\D:\\Study\\Portfolio\\amazon-clone\\functions\\11760"}}
[debug] [2022-05-28T19:11:41.837Z] [worker-us-central1-api-e571f067-cbc8-4a06-b387-f21c10292597]: BUSY {"metadata":{"emulator":{"name":"functions"},"message":"[worker-us-central1-api-e571f067-cbc8-4a06-b387-f21c10292597]: BUSY"}}
[debug] [2022-05-28T19:11:44.043Z] [runtime-status] [15332] Functions runtime initialized. {"cwd":"D:\\Study\\Portfolio\\amazon-clone\\functions","node_version":"16.14.2"} {"metadata":{"emulator":{"name":"functions"},"function":{"name":"us-central1-api"},"extension":{},"message":"[runtime-status] [15332] Functions runtime initialized. {\"cwd\":\"D:\\\\Study\\\\Portfolio\\\\amazon-clone\\\\functions\",\"node_version\":\"16.14.2\"}"}}
[debug] [2022-05-28T19:11:44.044Z] [runtime-status] [15332] Disabled runtime features: undefined {"metadata":{"emulator":{"name":"functions"},"function":{"name":"us-central1-api"},"extension":{},"message":"[runtime-status] [15332] Disabled runtime features: undefined"}}
[debug] [2022-05-28T19:11:44.047Z] [runtime-status] [15332] Resolved module firebase-admin {"declared":true,"installed":true,"version":"10.2.0","resolution":"D:\\Study\\Portfolio\\amazon-clone\\functions\\node_modules\\firebase-admin\\lib\\index.js"} {"metadata":{"emulator":{"name":"functions"},"function":{"name":"us-central1-api"},"extension":{},"message":"[runtime-status] [15332] Resolved module firebase-admin {\"declared\":true,\"installed\":true,\"version\":\"10.2.0\",\"resolution\":\"D:\\\\Study\\\\Portfolio\\\\amazon-clone\\\\functions\\\\node_modules\\\\firebase-admin\\\\lib\\\\index.js\"}"}}
[debug] [2022-05-28T19:11:44.049Z] [runtime-status] [15332] Resolved module firebase-functions {"declared":true,"installed":true,"version":"3.21.2","resolution":"D:\\Study\\Portfolio\\amazon-clone\\functions\\node_modules\\firebase-functions\\lib\\index.js"} {"metadata":{"emulator":{"name":"functions"},"function":{"name":"us-central1-api"},"extension":{},"message":"[runtime-status] [15332] Resolved module firebase-functions {\"declared\":true,\"installed\":true,\"version\":\"3.21.2\",\"resolution\":\"D:\\\\Study\\\\Portfolio\\\\amazon-clone\\\\functions\\\\node_modules\\\\firebase-functions\\\\lib\\\\index.js\"}"}}
[debug] [2022-05-28T19:11:44.050Z] [runtime-status] [15332] Outgoing network have been stubbed. [{"name":"http","status":"mocked"},{"name":"http","status":"mocked"},{"name":"https","status":"mocked"},{"name":"https","status":"mocked"},{"name":"net","status":"mocked"}] {"metadata":{"emulator":{"name":"functions"},"function":{"name":"us-central1-api"},"extension":{},"message":"[runtime-status] [15332] Outgoing network have been stubbed. [{\"name\":\"http\",\"status\":\"mocked\"},{\"name\":\"http\",\"status\":\"mocked\"},{\"name\":\"https\",\"status\":\"mocked\"},{\"name\":\"https\",\"status\":\"mocked\"},{\"name\":\"net\",\"status\":\"mocked\"}]"}}
[debug] [2022-05-28T19:11:44.051Z] [runtime-status] [15332] Resolved module firebase-functions {"declared":true,"installed":true,"version":"3.21.2","resolution":"D:\\Study\\Portfolio\\amazon-clone\\functions\\node_modules\\firebase-functions\\lib\\index.js"} {"metadata":{"emulator":{"name":"functions"},"function":{"name":"us-central1-api"},"extension":{},"message":"[runtime-status] [15332] Resolved module firebase-functions {\"declared\":true,\"installed\":true,\"version\":\"3.21.2\",\"resolution\":\"D:\\\\Study\\\\Portfolio\\\\amazon-clone\\\\functions\\\\node_modules\\\\firebase-functions\\\\lib\\\\index.js\"}"}}
[debug] [2022-05-28T19:11:44.058Z] [runtime-status] [11760] Functions runtime initialized. {"cwd":"D:\\Study\\Portfolio\\amazon-clone\\functions","node_version":"16.14.2"} {"metadata":{"emulator":{"name":"functions"},"function":{"name":"us-central1-api"},"extension":{},"message":"[runtime-status] [11760] Functions runtime initialized. {\"cwd\":\"D:\\\\Study\\\\Portfolio\\\\amazon-clone\\\\functions\",\"node_version\":\"16.14.2\"}"}}
[debug] [2022-05-28T19:11:44.060Z] [runtime-status] [11760] Disabled runtime features: undefined {"metadata":{"emulator":{"name":"functions"},"function":{"name":"us-central1-api"},"extension":{},"message":"[runtime-status] [11760] Disabled runtime features: undefined"}}
[debug] [2022-05-28T19:11:44.062Z] [runtime-status] [11760] Resolved module firebase-admin {"declared":true,"installed":true,"version":"10.2.0","resolution":"D:\\Study\\Portfolio\\amazon-clone\\functions\\node_modules\\firebase-admin\\lib\\index.js"} {"metadata":{"emulator":{"name":"functions"},"function":{"name":"us-central1-api"},"extension":{},"message":"[runtime-status] [11760] Resolved module firebase-admin {\"declared\":true,\"installed\":true,\"version\":\"10.2.0\",\"resolution\":\"D:\\\\Study\\\\Portfolio\\\\amazon-clone\\\\functions\\\\node_modules\\\\firebase-admin\\\\lib\\\\index.js\"}"}}
[debug] [2022-05-28T19:11:44.064Z] [runtime-status] [11760] Resolved module firebase-functions {"declared":true,"installed":true,"version":"3.21.2","resolution":"D:\\Study\\Portfolio\\amazon-clone\\functions\\node_modules\\firebase-functions\\lib\\index.js"} {"metadata":{"emulator":{"name":"functions"},"function":{"name":"us-central1-api"},"extension":{},"message":"[runtime-status] [11760] Resolved module firebase-functions {\"declared\":true,\"installed\":true,\"version\":\"3.21.2\",\"resolution\":\"D:\\\\Study\\\\Portfolio\\\\amazon-clone\\\\functions\\\\node_modules\\\\firebase-functions\\\\lib\\\\index.js\"}"}}
[debug] [2022-05-28T19:11:44.067Z] [runtime-status] [11760] Outgoing network have been stubbed. [{"name":"http","status":"mocked"},{"name":"http","status":"mocked"},{"name":"https","status":"mocked"},{"name":"https","status":"mocked"},{"name":"net","status":"mocked"}] {"metadata":{"emulator":{"name":"functions"},"function":{"name":"us-central1-api"},"extension":{},"message":"[runtime-status] [11760] Outgoing network have been stubbed. [{\"name\":\"http\",\"status\":\"mocked\"},{\"name\":\"http\",\"status\":\"mocked\"},{\"name\":\"https\",\"status\":\"mocked\"},{\"name\":\"https\",\"status\":\"mocked\"},{\"name\":\"net\",\"status\":\"mocked\"}]"}}
[debug] [2022-05-28T19:11:44.067Z] [runtime-status] [11760] Resolved module firebase-functions {"declared":true,"installed":true,"version":"3.21.2","resolution":"D:\\Study\\Portfolio\\amazon-clone\\functions\\node_modules\\firebase-functions\\lib\\index.js"} {"metadata":{"emulator":{"name":"functions"},"function":{"name":"us-central1-api"},"extension":{},"message":"[runtime-status] [11760] Resolved module firebase-functions {\"declared\":true,\"installed\":true,\"version\":\"3.21.2\",\"resolution\":\"D:\\\\Study\\\\Portfolio\\\\amazon-clone\\\\functions\\\\node_modules\\\\firebase-functions\\\\lib\\\\index.js\"}"}}
[debug] [2022-05-28T19:11:44.101Z] [runtime-status] [15332] Checked functions.config() {"config":{}} {"metadata":{"emulator":{"name":"functions"},"function":{"name":"us-central1-api"},"extension":{},"message":"[runtime-status] [15332] Checked functions.config() {\"config\":{}}"}}
[debug] [2022-05-28T19:11:44.102Z] [runtime-status] [15332] firebase-functions has been stubbed. {"functionsResolution":{"declared":true,"installed":true,"version":"3.21.2","resolution":"D:\\Study\\Portfolio\\amazon-clone\\functions\\node_modules\\firebase-functions\\lib\\index.js"}} {"metadata":{"emulator":{"name":"functions"},"function":{"name":"us-central1-api"},"extension":{},"message":"[runtime-status] [15332] firebase-functions has been stubbed. {\"functionsResolution\":{\"declared\":true,\"installed\":true,\"version\":\"3.21.2\",\"resolution\":\"D:\\\\Study\\\\Portfolio\\\\amazon-clone\\\\functions\\\\node_modules\\\\firebase-functions\\\\lib\\\\index.js\"}}"}}
[debug] [2022-05-28T19:11:44.102Z] [runtime-status] [15332] Resolved module firebase-functions {"declared":true,"installed":true,"version":"3.21.2","resolution":"D:\\Study\\Portfolio\\amazon-clone\\functions\\node_modules\\firebase-functions\\lib\\index.js"} {"metadata":{"emulator":{"name":"functions"},"function":{"name":"us-central1-api"},"extension":{},"message":"[runtime-status] [15332] Resolved module firebase-functions {\"declared\":true,\"installed\":true,\"version\":\"3.21.2\",\"resolution\":\"D:\\\\Study\\\\Portfolio\\\\amazon-clone\\\\functions\\\\node_modules\\\\firebase-functions\\\\lib\\\\index.js\"}"}}
[debug] [2022-05-28T19:11:44.104Z] [runtime-status] [15332] Resolved module firebase-admin {"declared":true,"installed":true,"version":"10.2.0","resolution":"D:\\Study\\Portfolio\\amazon-clone\\functions\\node_modules\\firebase-admin\\lib\\index.js"} {"metadata":{"emulator":{"name":"functions"},"function":{"name":"us-central1-api"},"extension":{},"message":"[runtime-status] [15332] Resolved module firebase-admin {\"declared\":true,\"installed\":true,\"version\":\"10.2.0\",\"resolution\":\"D:\\\\Study\\\\Portfolio\\\\amazon-clone\\\\functions\\\\node_modules\\\\firebase-admin\\\\lib\\\\index.js\"}"}}
[debug] [2022-05-28T19:11:44.105Z] [runtime-status] [15332] Resolved module firebase-functions {"declared":true,"installed":true,"version":"3.21.2","resolution":"D:\\Study\\Portfolio\\amazon-clone\\functions\\node_modules\\firebase-functions\\lib\\index.js"} {"metadata":{"emulator":{"name":"functions"},"function":{"name":"us-central1-api"},"extension":{},"message":"[runtime-status] [15332] Resolved module firebase-functions {\"declared\":true,\"installed\":true,\"version\":\"3.21.2\",\"resolution\":\"D:\\\\Study\\\\Portfolio\\\\amazon-clone\\\\functions\\\\node_modules\\\\firebase-functions\\\\lib\\\\index.js\"}"}}
[debug] [2022-05-28T19:11:44.105Z] [runtime-status] [15332] firebase-admin has been stubbed. {"adminResolution":{"declared":true,"installed":true,"version":"10.2.0","resolution":"D:\\Study\\Portfolio\\amazon-clone\\functions\\node_modules\\firebase-admin\\lib\\index.js"}} {"metadata":{"emulator":{"name":"functions"},"function":{"name":"us-central1-api"},"extension":{},"message":"[runtime-status] [15332] firebase-admin has been stubbed. {\"adminResolution\":{\"declared\":true,\"installed\":true,\"version\":\"10.2.0\",\"resolution\":\"D:\\\\Study\\\\Portfolio\\\\amazon-clone\\\\functions\\\\node_modules\\\\firebase-admin\\\\lib\\\\index.js\"}}"}}
[debug] [2022-05-28T19:11:44.115Z] [runtime-status] [11760] Checked functions.config() {"config":{}} {"metadata":{"emulator":{"name":"functions"},"function":{"name":"us-central1-api"},"extension":{},"message":"[runtime-status] [11760] Checked functions.config() {\"config\":{}}"}}
[debug] [2022-05-28T19:11:44.116Z] [runtime-status] [11760] firebase-functions has been stubbed. {"functionsResolution":{"declared":true,"installed":true,"version":"3.21.2","resolution":"D:\\Study\\Portfolio\\amazon-clone\\functions\\node_modules\\firebase-functions\\lib\\index.js"}} {"metadata":{"emulator":{"name":"functions"},"function":{"name":"us-central1-api"},"extension":{},"message":"[runtime-status] [11760] firebase-functions has been stubbed. {\"functionsResolution\":{\"declared\":true,\"installed\":true,\"version\":\"3.21.2\",\"resolution\":\"D:\\\\Study\\\\Portfolio\\\\amazon-clone\\\\functions\\\\node_modules\\\\firebase-functions\\\\lib\\\\index.js\"}}"}}
[debug] [2022-05-28T19:11:44.117Z] [runtime-status] [11760] Resolved module firebase-functions {"declared":true,"installed":true,"version":"3.21.2","resolution":"D:\\Study\\Portfolio\\amazon-clone\\functions\\node_modules\\firebase-functions\\lib\\index.js"} {"metadata":{"emulator":{"name":"functions"},"function":{"name":"us-central1-api"},"extension":{},"message":"[runtime-status] [11760] Resolved module firebase-functions {\"declared\":true,\"installed\":true,\"version\":\"3.21.2\",\"resolution\":\"D:\\\\Study\\\\Portfolio\\\\amazon-clone\\\\functions\\\\node_modules\\\\firebase-functions\\\\lib\\\\index.js\"}"}}
[debug] [2022-05-28T19:11:44.119Z] [runtime-status] [11760] Resolved module firebase-admin {"declared":true,"installed":true,"version":"10.2.0","resolution":"D:\\Study\\Portfolio\\amazon-clone\\functions\\node_modules\\firebase-admin\\lib\\index.js"} {"metadata":{"emulator":{"name":"functions"},"function":{"name":"us-central1-api"},"extension":{},"message":"[runtime-status] [11760] Resolved module firebase-admin {\"declared\":true,\"installed\":true,\"version\":\"10.2.0\",\"resolution\":\"D:\\\\Study\\\\Portfolio\\\\amazon-clone\\\\functions\\\\node_modules\\\\firebase-admin\\\\lib\\\\index.js\"}"}}
[debug] [2022-05-28T19:11:44.119Z] [runtime-status] [11760] Resolved module firebase-functions {"declared":true,"installed":true,"version":"3.21.2","resolution":"D:\\Study\\Portfolio\\amazon-clone\\functions\\node_modules\\firebase-functions\\lib\\index.js"} {"metadata":{"emulator":{"name":"functions"},"function":{"name":"us-central1-api"},"extension":{},"message":"[runtime-status] [11760] Resolved module firebase-functions {\"declared\":true,\"installed\":true,\"version\":\"3.21.2\",\"resolution\":\"D:\\\\Study\\\\Portfolio\\\\amazon-clone\\\\functions\\\\node_modules\\\\firebase-functions\\\\lib\\\\index.js\"}"}}
[debug] [2022-05-28T19:11:44.120Z] [runtime-status] [11760] firebase-admin has been stubbed. {"adminResolution":{"declared":true,"installed":true,"version":"10.2.0","resolution":"D:\\Study\\Portfolio\\amazon-clone\\functions\\node_modules\\firebase-admin\\lib\\index.js"}} {"metadata":{"emulator":{"name":"functions"},"function":{"name":"us-central1-api"},"extension":{},"message":"[runtime-status] [11760] firebase-admin has been stubbed. {\"adminResolution\":{\"declared\":true,\"installed\":true,\"version\":\"10.2.0\",\"resolution\":\"D:\\\\Study\\\\Portfolio\\\\amazon-clone\\\\functions\\\\node_modules\\\\firebase-admin\\\\lib\\\\index.js\"}}"}}
[debug] [2022-05-28T19:11:44.298Z] [runtime-status] [15332] Beginning invocation function api! {"metadata":{"emulator":{"name":"functions"},"function":{"name":"us-central1-api"},"extension":{},"message":"[runtime-status] [15332] Beginning invocation function api!"}}
[info] i  functions: Beginning execution of "api" {"metadata":{"emulator":{"name":"functions"},"function":{"name":"us-central1-api"},"extension":{},"message":"Beginning execution of \"api\""}}
[debug] [2022-05-28T19:11:44.300Z] [runtime-status] [15332] Running api in signature http {"metadata":{"emulator":{"name":"functions"},"function":{"name":"us-central1-api"},"extension":{},"message":"[runtime-status] [15332] Running api in signature http"}}
[debug] [2022-05-28T19:11:44.304Z] [runtime-status] [15332] Attempting to listen to socketPath: \\?\pipe\D:\Study\Portfolio\amazon-clone\functions\15332 {"metadata":{"emulator":{"name":"functions"},"function":{"name":"us-central1-api"},"extension":{},"message":"[runtime-status] [15332] Attempting to listen to socketPath: \\\\?\\pipe\\D:\\Study\\Portfolio\\amazon-clone\\functions\\15332"}}
[debug] [2022-05-28T19:11:44.312Z] [functions] Runtime ready! Sending request! {"metadata":{"emulator":{"name":"functions"},"message":"[functions] Runtime ready! Sending request!"}}
[debug] [2022-05-28T19:11:44.313Z] [functions] Got req.url=/clone-18m22/us-central1/api/payments/create?total=59997, mapping to path=/payments/create?total=59997 {"metadata":{"emulator":{"name":"functions"},"message":"[functions] Got req.url=/clone-18m22/us-central1/api/payments/create?total=59997, mapping to path=/payments/create?total=59997"}}
[debug] [2022-05-28T19:11:44.322Z] [runtime-status] [15332] Ephemeral server handling POST request {"metadata":{"emulator":{"name":"functions"},"function":{"name":"us-central1-api"},"extension":{},"message":"[runtime-status] [15332] Ephemeral server handling POST request"}}
[info] >  Payment Request received for amount =  59997 {"user":"Payment Request received for amount =  59997","metadata":{"emulator":{"name":"functions"},"function":{"name":"us-central1-api"},"extension":{},"message":"\u001b[90m> \u001b[39m Payment Request received for amount =  59997"}}
[debug] [2022-05-28T19:11:44.329Z] [runtime-status] [11760] Beginning invocation function api! {"metadata":{"emulator":{"name":"functions"},"function":{"name":"us-central1-api"},"extension":{},"message":"[runtime-status] [11760] Beginning invocation function api!"}}
[info] i  functions: Beginning execution of "api" {"metadata":{"emulator":{"name":"functions"},"function":{"name":"us-central1-api"},"extension":{},"message":"Beginning execution of \"api\""}}
[debug] [2022-05-28T19:11:44.330Z] [runtime-status] [11760] Running api in signature http {"metadata":{"emulator":{"name":"functions"},"function":{"name":"us-central1-api"},"extension":{},"message":"[runtime-status] [11760] Running api in signature http"}}
[debug] [2022-05-28T19:11:44.335Z] [runtime-status] [11760] Attempting to listen to socketPath: \\?\pipe\D:\Study\Portfolio\amazon-clone\functions\11760 {"metadata":{"emulator":{"name":"functions"},"function":{"name":"us-central1-api"},"extension":{},"message":"[runtime-status] [11760] Attempting to listen to socketPath: \\\\?\\pipe\\D:\\Study\\Portfolio\\amazon-clone\\functions\\11760"}}
[debug] [2022-05-28T19:11:44.337Z] [runtime-status] [15332] Ephemeral server survived. {"metadata":{"emulator":{"name":"functions"},"function":{"name":"us-central1-api"},"extension":{},"message":"[runtime-status] [15332] Ephemeral server survived."}}
[debug] [2022-05-28T19:11:44.341Z] [functions] Runtime ready! Sending request! {"metadata":{"emulator":{"name":"functions"},"message":"[functions] Runtime ready! Sending request!"}}
[debug] [2022-05-28T19:11:44.341Z] [functions] Got req.url=/clone-18m22/us-central1/api/payments/create?total=59997, mapping to path=/payments/create?total=59997 {"metadata":{"emulator":{"name":"functions"},"message":"[functions] Got req.url=/clone-18m22/us-central1/api/payments/create?total=59997, mapping to path=/payments/create?total=59997"}}
[debug] [2022-05-28T19:11:44.359Z] [runtime-status] [11760] Ephemeral server handling POST request {"metadata":{"emulator":{"name":"functions"},"function":{"name":"us-central1-api"},"extension":{},"message":"[runtime-status] [11760] Ephemeral server handling POST request"}}
[info] >  Payment Request received for amount =  59997 {"user":"Payment Request received for amount =  59997","metadata":{"emulator":{"name":"functions"},"function":{"name":"us-central1-api"},"extension":{},"message":"\u001b[90m> \u001b[39m Payment Request received for amount =  59997"}}
[debug] [2022-05-28T19:11:44.384Z] [runtime-status] [11760] Ephemeral server survived. {"metadata":{"emulator":{"name":"functions"},"function":{"name":"us-central1-api"},"extension":{},"message":"[runtime-status] [11760] Ephemeral server survived."}}
[info] i  functions: Finished "api" in ~1s {"metadata":{"emulator":{"name":"functions"},"function":{"name":"us-central1-api"},"extension":{},"message":"Finished \"api\" in ~1s"}}
[debug] [2022-05-28T19:11:44.759Z] [worker-us-central1-api-ce81e481-699f-4793-b162-9caf8bc337e8]: IDLE {"metadata":{"emulator":{"name":"functions"},"message":"[worker-us-central1-api-ce81e481-699f-4793-b162-9caf8bc337e8]: IDLE"}}
[debug] [2022-05-28T19:11:44.759Z] [work-queue] {"queueLength":0,"workRunningCount":1}
[info] i  functions: Finished "api" in ~1s {"metadata":{"emulator":{"name":"functions"},"function":{"name":"us-central1-api"},"extension":{},"message":"Finished \"api\" in ~1s"}}
[debug] [2022-05-28T19:11:44.760Z] [worker-us-central1-api-e571f067-cbc8-4a06-b387-f21c10292597]: IDLE {"metadata":{"emulator":{"name":"functions"},"message":"[worker-us-central1-api-e571f067-cbc8-4a06-b387-f21c10292597]: IDLE"}}
[debug] [2022-05-28T19:11:44.760Z] [work-queue] {"queueLength":0,"workRunningCount":0}
[debug] [2022-05-28T19:16:08.709Z] [work-queue] {"queueLength":1,"workRunningCount":0}
[debug] [2022-05-28T19:16:08.709Z] [work-queue] {"queueLength":0,"workRunningCount":1}
[debug] [2022-05-28T19:16:08.709Z] Accepted request POST /clone-18m22/us-central1/api/payments/create?total=11996 --> us-central1-api
[debug] [2022-05-28T19:16:08.709Z] [worker-pool] submitWork(triggerId=us-central1-api) {"metadata":{"emulator":{"name":"functions"},"message":"[worker-pool] submitWork(triggerId=us-central1-api)"}}
[debug] [2022-05-28T19:16:08.709Z] [worker-us-central1-api-ce81e481-699f-4793-b162-9caf8bc337e8]: Assigning socketPath: \\?\pipe\D:\Study\Portfolio\amazon-clone\functions\15332 {"metadata":{"emulator":{"name":"functions"},"message":"[worker-us-central1-api-ce81e481-699f-4793-b162-9caf8bc337e8]: Assigning socketPath: \\\\?\\pipe\\D:\\Study\\Portfolio\\amazon-clone\\functions\\15332"}}
[debug] [2022-05-28T19:16:08.709Z] [worker-us-central1-api-ce81e481-699f-4793-b162-9caf8bc337e8]: BUSY {"metadata":{"emulator":{"name":"functions"},"message":"[worker-us-central1-api-ce81e481-699f-4793-b162-9caf8bc337e8]: BUSY"}}
[debug] [2022-05-28T19:16:08.711Z] [work-queue] {"queueLength":1,"workRunningCount":1}
[debug] [2022-05-28T19:16:08.711Z] [work-queue] {"queueLength":0,"workRunningCount":2}
[debug] [2022-05-28T19:16:08.711Z] Accepted request POST /clone-18m22/us-central1/api/payments/create?total=11996 --> us-central1-api
[debug] [2022-05-28T19:16:08.712Z] [worker-pool] submitWork(triggerId=us-central1-api) {"metadata":{"emulator":{"name":"functions"},"message":"[worker-pool] submitWork(triggerId=us-central1-api)"}}
[debug] [2022-05-28T19:16:08.712Z] [worker-us-central1-api-e571f067-cbc8-4a06-b387-f21c10292597]: Assigning socketPath: \\?\pipe\D:\Study\Portfolio\amazon-clone\functions\11760 {"metadata":{"emulator":{"name":"functions"},"message":"[worker-us-central1-api-e571f067-cbc8-4a06-b387-f21c10292597]: Assigning socketPath: \\\\?\\pipe\\D:\\Study\\Portfolio\\amazon-clone\\functions\\11760"}}
[debug] [2022-05-28T19:16:08.712Z] [worker-us-central1-api-e571f067-cbc8-4a06-b387-f21c10292597]: BUSY {"metadata":{"emulator":{"name":"functions"},"message":"[worker-us-central1-api-e571f067-cbc8-4a06-b387-f21c10292597]: BUSY"}}
[debug] [2022-05-28T19:16:08.713Z] [runtime-status] [15332] Beginning invocation function api! {"metadata":{"emulator":{"name":"functions"},"function":{"name":"us-central1-api"},"extension":{},"message":"[runtime-status] [15332] Beginning invocation function api!"}}
[info] i  functions: Beginning execution of "api" {"metadata":{"emulator":{"name":"functions"},"function":{"name":"us-central1-api"},"extension":{},"message":"Beginning execution of \"api\""}}
[debug] [2022-05-28T19:16:08.714Z] [runtime-status] [15332] Running api in signature http {"metadata":{"emulator":{"name":"functions"},"function":{"name":"us-central1-api"},"extension":{},"message":"[runtime-status] [15332] Running api in signature http"}}
[debug] [2022-05-28T19:16:08.715Z] [runtime-status] [15332] Attempting to listen to socketPath: \\?\pipe\D:\Study\Portfolio\amazon-clone\functions\15332 {"metadata":{"emulator":{"name":"functions"},"function":{"name":"us-central1-api"},"extension":{},"message":"[runtime-status] [15332] Attempting to listen to socketPath: \\\\?\\pipe\\D:\\Study\\Portfolio\\amazon-clone\\functions\\15332"}}
[debug] [2022-05-28T19:16:08.717Z] [functions] Runtime ready! Sending request! {"metadata":{"emulator":{"name":"functions"},"message":"[functions] Runtime ready! Sending request!"}}
[debug] [2022-05-28T19:16:08.718Z] [functions] Got req.url=/clone-18m22/us-central1/api/payments/create?total=11996, mapping to path=/payments/create?total=11996 {"metadata":{"emulator":{"name":"functions"},"message":"[functions] Got req.url=/clone-18m22/us-central1/api/payments/create?total=11996, mapping to path=/payments/create?total=11996"}}
[debug] [2022-05-28T19:16:08.719Z] [runtime-status] [11760] Beginning invocation function api! {"metadata":{"emulator":{"name":"functions"},"function":{"name":"us-central1-api"},"extension":{},"message":"[runtime-status] [11760] Beginning invocation function api!"}}
[info] i  functions: Beginning execution of "api" {"metadata":{"emulator":{"name":"functions"},"function":{"name":"us-central1-api"},"extension":{},"message":"Beginning execution of \"api\""}}
[debug] [2022-05-28T19:16:08.720Z] [runtime-status] [11760] Running api in signature http {"metadata":{"emulator":{"name":"functions"},"function":{"name":"us-central1-api"},"extension":{},"message":"[runtime-status] [11760] Running api in signature http"}}
[debug] [2022-05-28T19:16:08.721Z] [runtime-status] [11760] Attempting to listen to socketPath: \\?\pipe\D:\Study\Portfolio\amazon-clone\functions\11760 {"metadata":{"emulator":{"name":"functions"},"function":{"name":"us-central1-api"},"extension":{},"message":"[runtime-status] [11760] Attempting to listen to socketPath: \\\\?\\pipe\\D:\\Study\\Portfolio\\amazon-clone\\functions\\11760"}}
[debug] [2022-05-28T19:16:08.723Z] [functions] Runtime ready! Sending request! {"metadata":{"emulator":{"name":"functions"},"message":"[functions] Runtime ready! Sending request!"}}
[debug] [2022-05-28T19:16:08.723Z] [functions] Got req.url=/clone-18m22/us-central1/api/payments/create?total=11996, mapping to path=/payments/create?total=11996 {"metadata":{"emulator":{"name":"functions"},"message":"[functions] Got req.url=/clone-18m22/us-central1/api/payments/create?total=11996, mapping to path=/payments/create?total=11996"}}
[debug] [2022-05-28T19:16:08.725Z] [runtime-status] [15332] Ephemeral server handling POST request {"metadata":{"emulator":{"name":"functions"},"function":{"name":"us-central1-api"},"extension":{},"message":"[runtime-status] [15332] Ephemeral server handling POST request"}}
[info] >  Payment Request received for amount =  11996 {"user":"Payment Request received for amount =  11996","metadata":{"emulator":{"name":"functions"},"function":{"name":"us-central1-api"},"extension":{},"message":"\u001b[90m> \u001b[39m Payment Request received for amount =  11996"}}
[debug] [2022-05-28T19:16:08.726Z] [runtime-status] [15332] Ephemeral server survived. {"metadata":{"emulator":{"name":"functions"},"function":{"name":"us-central1-api"},"extension":{},"message":"[runtime-status] [15332] Ephemeral server survived."}}
[debug] [2022-05-28T19:16:08.726Z] [runtime-status] [11760] Ephemeral server handling POST request {"metadata":{"emulator":{"name":"functions"},"function":{"name":"us-central1-api"},"extension":{},"message":"[runtime-status] [11760] Ephemeral server handling POST request"}}
[info] >  Payment Request received for amount =  11996 {"user":"Payment Request received for amount =  11996","metadata":{"emulator":{"name":"functions"},"function":{"name":"us-central1-api"},"extension":{},"message":"\u001b[90m> \u001b[39m Payment Request received for amount =  11996"}}
[debug] [2022-05-28T19:16:08.731Z] [runtime-status] [11760] Ephemeral server survived. {"metadata":{"emulator":{"name":"functions"},"function":{"name":"us-central1-api"},"extension":{},"message":"[runtime-status] [11760] Ephemeral server survived."}}
[info] i  functions: Finished "api" in ~1s {"metadata":{"emulator":{"name":"functions"},"function":{"name":"us-central1-api"},"extension":{},"message":"Finished \"api\" in ~1s"}}
[debug] [2022-05-28T19:16:09.058Z] [worker-us-central1-api-e571f067-cbc8-4a06-b387-f21c10292597]: IDLE {"metadata":{"emulator":{"name":"functions"},"message":"[worker-us-central1-api-e571f067-cbc8-4a06-b387-f21c10292597]: IDLE"}}
[debug] [2022-05-28T19:16:09.059Z] [work-queue] {"queueLength":0,"workRunningCount":1}
[info] i  functions: Finished "api" in ~1s {"metadata":{"emulator":{"name":"functions"},"function":{"name":"us-central1-api"},"extension":{},"message":"Finished \"api\" in ~1s"}}
[debug] [2022-05-28T19:16:09.064Z] [worker-us-central1-api-ce81e481-699f-4793-b162-9caf8bc337e8]: IDLE {"metadata":{"emulator":{"name":"functions"},"message":"[worker-us-central1-api-ce81e481-699f-4793-b162-9caf8bc337e8]: IDLE"}}
[debug] [2022-05-28T19:16:09.065Z] [work-queue] {"queueLength":0,"workRunningCount":0}
[debug] [2022-05-28T19:16:44.229Z] [work-queue] {"queueLength":1,"workRunningCount":0}
[debug] [2022-05-28T19:16:44.229Z] [work-queue] {"queueLength":0,"workRunningCount":1}
[debug] [2022-05-28T19:16:44.229Z] Accepted request POST /clone-18m22/us-central1/api/payments/create?total=39998 --> us-central1-api
[debug] [2022-05-28T19:16:44.229Z] [worker-pool] submitWork(triggerId=us-central1-api) {"metadata":{"emulator":{"name":"functions"},"message":"[worker-pool] submitWork(triggerId=us-central1-api)"}}
[debug] [2022-05-28T19:16:44.229Z] [worker-us-central1-api-ce81e481-699f-4793-b162-9caf8bc337e8]: Assigning socketPath: \\?\pipe\D:\Study\Portfolio\amazon-clone\functions\15332 {"metadata":{"emulator":{"name":"functions"},"message":"[worker-us-central1-api-ce81e481-699f-4793-b162-9caf8bc337e8]: Assigning socketPath: \\\\?\\pipe\\D:\\Study\\Portfolio\\amazon-clone\\functions\\15332"}}
[debug] [2022-05-28T19:16:44.229Z] [worker-us-central1-api-ce81e481-699f-4793-b162-9caf8bc337e8]: BUSY {"metadata":{"emulator":{"name":"functions"},"message":"[worker-us-central1-api-ce81e481-699f-4793-b162-9caf8bc337e8]: BUSY"}}
[debug] [2022-05-28T19:16:44.230Z] [runtime-status] [15332] Beginning invocation function api! {"metadata":{"emulator":{"name":"functions"},"function":{"name":"us-central1-api"},"extension":{},"message":"[runtime-status] [15332] Beginning invocation function api!"}}
[info] i  functions: Beginning execution of "api" {"metadata":{"emulator":{"name":"functions"},"function":{"name":"us-central1-api"},"extension":{},"message":"Beginning execution of \"api\""}}
[debug] [2022-05-28T19:16:44.231Z] [runtime-status] [15332] Running api in signature http {"metadata":{"emulator":{"name":"functions"},"function":{"name":"us-central1-api"},"extension":{},"message":"[runtime-status] [15332] Running api in signature http"}}
[debug] [2022-05-28T19:16:44.231Z] [runtime-status] [15332] Attempting to listen to socketPath: \\?\pipe\D:\Study\Portfolio\amazon-clone\functions\15332 {"metadata":{"emulator":{"name":"functions"},"function":{"name":"us-central1-api"},"extension":{},"message":"[runtime-status] [15332] Attempting to listen to socketPath: \\\\?\\pipe\\D:\\Study\\Portfolio\\amazon-clone\\functions\\15332"}}
[debug] [2022-05-28T19:16:44.234Z] [functions] Runtime ready! Sending request! {"metadata":{"emulator":{"name":"functions"},"message":"[functions] Runtime ready! Sending request!"}}
[debug] [2022-05-28T19:16:44.234Z] [functions] Got req.url=/clone-18m22/us-central1/api/payments/create?total=39998, mapping to path=/payments/create?total=39998 {"metadata":{"emulator":{"name":"functions"},"message":"[functions] Got req.url=/clone-18m22/us-central1/api/payments/create?total=39998, mapping to path=/payments/create?total=39998"}}
[debug] [2022-05-28T19:16:44.238Z] [runtime-status] [15332] Ephemeral server handling POST request {"metadata":{"emulator":{"name":"functions"},"function":{"name":"us-central1-api"},"extension":{},"message":"[runtime-status] [15332] Ephemeral server handling POST request"}}
[info] >  Payment Request received for amount =  39998 {"user":"Payment Request received for amount =  39998","metadata":{"emulator":{"name":"functions"},"function":{"name":"us-central1-api"},"extension":{},"message":"\u001b[90m> \u001b[39m Payment Request received for amount =  39998"}}
[debug] [2022-05-28T19:16:44.241Z] [runtime-status] [15332] Ephemeral server survived. {"metadata":{"emulator":{"name":"functions"},"function":{"name":"us-central1-api"},"extension":{},"message":"[runtime-status] [15332] Ephemeral server survived."}}
[info] i  functions: Finished "api" in ~1s {"metadata":{"emulator":{"name":"functions"},"function":{"name":"us-central1-api"},"extension":{},"message":"Finished \"api\" in ~1s"}}
[debug] [2022-05-28T19:16:44.488Z] [worker-us-central1-api-ce81e481-699f-4793-b162-9caf8bc337e8]: IDLE {"metadata":{"emulator":{"name":"functions"},"message":"[worker-us-central1-api-ce81e481-699f-4793-b162-9caf8bc337e8]: IDLE"}}
[debug] [2022-05-28T19:16:44.489Z] [work-queue] {"queueLength":0,"workRunningCount":0}
[debug] [2022-05-28T19:16:44.490Z] [work-queue] {"queueLength":1,"workRunningCount":0}
[debug] [2022-05-28T19:16:44.491Z] [work-queue] {"queueLength":0,"workRunningCount":1}
[debug] [2022-05-28T19:16:44.491Z] Accepted request POST /clone-18m22/us-central1/api/payments/create?total=39998 --> us-central1-api
[debug] [2022-05-28T19:16:44.491Z] [worker-pool] submitWork(triggerId=us-central1-api) {"metadata":{"emulator":{"name":"functions"},"message":"[worker-pool] submitWork(triggerId=us-central1-api)"}}
[debug] [2022-05-28T19:16:44.492Z] [worker-us-central1-api-ce81e481-699f-4793-b162-9caf8bc337e8]: Assigning socketPath: \\?\pipe\D:\Study\Portfolio\amazon-clone\functions\15332 {"metadata":{"emulator":{"name":"functions"},"message":"[worker-us-central1-api-ce81e481-699f-4793-b162-9caf8bc337e8]: Assigning socketPath: \\\\?\\pipe\\D:\\Study\\Portfolio\\amazon-clone\\functions\\15332"}}
[debug] [2022-05-28T19:16:44.492Z] [worker-us-central1-api-ce81e481-699f-4793-b162-9caf8bc337e8]: BUSY {"metadata":{"emulator":{"name":"functions"},"message":"[worker-us-central1-api-ce81e481-699f-4793-b162-9caf8bc337e8]: BUSY"}}
[debug] [2022-05-28T19:16:44.512Z] [runtime-status] [15332] Beginning invocation function api! {"metadata":{"emulator":{"name":"functions"},"function":{"name":"us-central1-api"},"extension":{},"message":"[runtime-status] [15332] Beginning invocation function api!"}}
[info] i  functions: Beginning execution of "api" {"metadata":{"emulator":{"name":"functions"},"function":{"name":"us-central1-api"},"extension":{},"message":"Beginning execution of \"api\""}}
[debug] [2022-05-28T19:16:44.514Z] [runtime-status] [15332] Running api in signature http {"metadata":{"emulator":{"name":"functions"},"function":{"name":"us-central1-api"},"extension":{},"message":"[runtime-status] [15332] Running api in signature http"}}
[debug] [2022-05-28T19:16:44.514Z] [runtime-status] [15332] Attempting to listen to socketPath: \\?\pipe\D:\Study\Portfolio\amazon-clone\functions\15332 {"metadata":{"emulator":{"name":"functions"},"function":{"name":"us-central1-api"},"extension":{},"message":"[runtime-status] [15332] Attempting to listen to socketPath: \\\\?\\pipe\\D:\\Study\\Portfolio\\amazon-clone\\functions\\15332"}}
[debug] [2022-05-28T19:16:44.517Z] [functions] Runtime ready! Sending request! {"metadata":{"emulator":{"name":"functions"},"message":"[functions] Runtime ready! Sending request!"}}
[debug] [2022-05-28T19:16:44.518Z] [functions] Got req.url=/clone-18m22/us-central1/api/payments/create?total=39998, mapping to path=/payments/create?total=39998 {"metadata":{"emulator":{"name":"functions"},"message":"[functions] Got req.url=/clone-18m22/us-central1/api/payments/create?total=39998, mapping to path=/payments/create?total=39998"}}
[debug] [2022-05-28T19:16:44.520Z] [runtime-status] [15332] Ephemeral server handling POST request {"metadata":{"emulator":{"name":"functions"},"function":{"name":"us-central1-api"},"extension":{},"message":"[runtime-status] [15332] Ephemeral server handling POST request"}}
[info] >  Payment Request received for amount =  39998 {"user":"Payment Request received for amount =  39998","metadata":{"emulator":{"name":"functions"},"function":{"name":"us-central1-api"},"extension":{},"message":"\u001b[90m> \u001b[39m Payment Request received for amount =  39998"}}
[debug] [2022-05-28T19:16:44.522Z] [runtime-status] [15332] Ephemeral server survived. {"metadata":{"emulator":{"name":"functions"},"function":{"name":"us-central1-api"},"extension":{},"message":"[runtime-status] [15332] Ephemeral server survived."}}
[info] i  functions: Finished "api" in ~1s {"metadata":{"emulator":{"name":"functions"},"function":{"name":"us-central1-api"},"extension":{},"message":"Finished \"api\" in ~1s"}}
[debug] [2022-05-28T19:16:44.741Z] [worker-us-central1-api-ce81e481-699f-4793-b162-9caf8bc337e8]: IDLE {"metadata":{"emulator":{"name":"functions"},"message":"[worker-us-central1-api-ce81e481-699f-4793-b162-9caf8bc337e8]: IDLE"}}
[debug] [2022-05-28T19:16:44.741Z] [work-queue] {"queueLength":0,"workRunningCount":0}
[debug] [2022-05-28T20:05:00.642Z] [work-queue] {"queueLength":1,"workRunningCount":0}
[debug] [2022-05-28T20:05:00.642Z] [work-queue] {"queueLength":0,"workRunningCount":1}
[debug] [2022-05-28T20:05:00.642Z] Accepted request POST /clone-18m22/us-central1/api/payments/create?total=5998 --> us-central1-api
[debug] [2022-05-28T20:05:00.643Z] [worker-pool] submitWork(triggerId=us-central1-api) {"metadata":{"emulator":{"name":"functions"},"message":"[worker-pool] submitWork(triggerId=us-central1-api)"}}
[debug] [2022-05-28T20:05:00.643Z] [worker-us-central1-api-ce81e481-699f-4793-b162-9caf8bc337e8]: Assigning socketPath: \\?\pipe\D:\Study\Portfolio\amazon-clone\functions\15332 {"metadata":{"emulator":{"name":"functions"},"message":"[worker-us-central1-api-ce81e481-699f-4793-b162-9caf8bc337e8]: Assigning socketPath: \\\\?\\pipe\\D:\\Study\\Portfolio\\amazon-clone\\functions\\15332"}}
[debug] [2022-05-28T20:05:00.643Z] [worker-us-central1-api-ce81e481-699f-4793-b162-9caf8bc337e8]: BUSY {"metadata":{"emulator":{"name":"functions"},"message":"[worker-us-central1-api-ce81e481-699f-4793-b162-9caf8bc337e8]: BUSY"}}
[debug] [2022-05-28T20:05:00.644Z] [work-queue] {"queueLength":1,"workRunningCount":1}
[debug] [2022-05-28T20:05:00.644Z] [work-queue] {"queueLength":0,"workRunningCount":2}
[debug] [2022-05-28T20:05:00.644Z] Accepted request POST /clone-18m22/us-central1/api/payments/create?total=5998 --> us-central1-api
[debug] [2022-05-28T20:05:00.645Z] [worker-pool] submitWork(triggerId=us-central1-api) {"metadata":{"emulator":{"name":"functions"},"message":"[worker-pool] submitWork(triggerId=us-central1-api)"}}
[debug] [2022-05-28T20:05:00.645Z] [worker-us-central1-api-e571f067-cbc8-4a06-b387-f21c10292597]: Assigning socketPath: \\?\pipe\D:\Study\Portfolio\amazon-clone\functions\11760 {"metadata":{"emulator":{"name":"functions"},"message":"[worker-us-central1-api-e571f067-cbc8-4a06-b387-f21c10292597]: Assigning socketPath: \\\\?\\pipe\\D:\\Study\\Portfolio\\amazon-clone\\functions\\11760"}}
[debug] [2022-05-28T20:05:00.645Z] [worker-us-central1-api-e571f067-cbc8-4a06-b387-f21c10292597]: BUSY {"metadata":{"emulator":{"name":"functions"},"message":"[worker-us-central1-api-e571f067-cbc8-4a06-b387-f21c10292597]: BUSY"}}
[debug] [2022-05-28T20:05:00.646Z] [runtime-status] [15332] Beginning invocation function api! {"metadata":{"emulator":{"name":"functions"},"function":{"name":"us-central1-api"},"extension":{},"message":"[runtime-status] [15332] Beginning invocation function api!"}}
[info] i  functions: Beginning execution of "api" {"metadata":{"emulator":{"name":"functions"},"function":{"name":"us-central1-api"},"extension":{},"message":"Beginning execution of \"api\""}}
[debug] [2022-05-28T20:05:00.647Z] [runtime-status] [15332] Running api in signature http {"metadata":{"emulator":{"name":"functions"},"function":{"name":"us-central1-api"},"extension":{},"message":"[runtime-status] [15332] Running api in signature http"}}
[debug] [2022-05-28T20:05:00.648Z] [runtime-status] [15332] Attempting to listen to socketPath: \\?\pipe\D:\Study\Portfolio\amazon-clone\functions\15332 {"metadata":{"emulator":{"name":"functions"},"function":{"name":"us-central1-api"},"extension":{},"message":"[runtime-status] [15332] Attempting to listen to socketPath: \\\\?\\pipe\\D:\\Study\\Portfolio\\amazon-clone\\functions\\15332"}}
[debug] [2022-05-28T20:05:00.651Z] [functions] Runtime ready! Sending request! {"metadata":{"emulator":{"name":"functions"},"message":"[functions] Runtime ready! Sending request!"}}
[debug] [2022-05-28T20:05:00.651Z] [functions] Got req.url=/clone-18m22/us-central1/api/payments/create?total=5998, mapping to path=/payments/create?total=5998 {"metadata":{"emulator":{"name":"functions"},"message":"[functions] Got req.url=/clone-18m22/us-central1/api/payments/create?total=5998, mapping to path=/payments/create?total=5998"}}
[debug] [2022-05-28T20:05:00.653Z] [runtime-status] [11760] Beginning invocation function api! {"metadata":{"emulator":{"name":"functions"},"function":{"name":"us-central1-api"},"extension":{},"message":"[runtime-status] [11760] Beginning invocation function api!"}}
[info] i  functions: Beginning execution of "api" {"metadata":{"emulator":{"name":"functions"},"function":{"name":"us-central1-api"},"extension":{},"message":"Beginning execution of \"api\""}}
[debug] [2022-05-28T20:05:00.654Z] [runtime-status] [11760] Running api in signature http {"metadata":{"emulator":{"name":"functions"},"function":{"name":"us-central1-api"},"extension":{},"message":"[runtime-status] [11760] Running api in signature http"}}
[debug] [2022-05-28T20:05:00.654Z] [runtime-status] [11760] Attempting to listen to socketPath: \\?\pipe\D:\Study\Portfolio\amazon-clone\functions\11760 {"metadata":{"emulator":{"name":"functions"},"function":{"name":"us-central1-api"},"extension":{},"message":"[runtime-status] [11760] Attempting to listen to socketPath: \\\\?\\pipe\\D:\\Study\\Portfolio\\amazon-clone\\functions\\11760"}}
[debug] [2022-05-28T20:05:00.657Z] [functions] Runtime ready! Sending request! {"metadata":{"emulator":{"name":"functions"},"message":"[functions] Runtime ready! Sending request!"}}
[debug] [2022-05-28T20:05:00.658Z] [functions] Got req.url=/clone-18m22/us-central1/api/payments/create?total=5998, mapping to path=/payments/create?total=5998 {"metadata":{"emulator":{"name":"functions"},"message":"[functions] Got req.url=/clone-18m22/us-central1/api/payments/create?total=5998, mapping to path=/payments/create?total=5998"}}
[debug] [2022-05-28T20:05:00.660Z] [runtime-status] [15332] Ephemeral server handling POST request {"metadata":{"emulator":{"name":"functions"},"function":{"name":"us-central1-api"},"extension":{},"message":"[runtime-status] [15332] Ephemeral server handling POST request"}}
[debug] [2022-05-28T20:05:00.661Z] [runtime-status] [15332] Ephemeral server survived. {"metadata":{"emulator":{"name":"functions"},"function":{"name":"us-central1-api"},"extension":{},"message":"[runtime-status] [15332] Ephemeral server survived."}}
[info] >  Payment Request received for amount =  5998 {"user":"Payment Request received for amount =  5998","metadata":{"emulator":{"name":"functions"},"function":{"name":"us-central1-api"},"extension":{},"message":"\u001b[90m> \u001b[39m Payment Request received for amount =  5998"}}
[debug] [2022-05-28T20:05:00.664Z] [runtime-status] [11760] Ephemeral server handling POST request {"metadata":{"emulator":{"name":"functions"},"function":{"name":"us-central1-api"},"extension":{},"message":"[runtime-status] [11760] Ephemeral server handling POST request"}}
[info] >  Payment Request received for amount =  5998 {"user":"Payment Request received for amount =  5998","metadata":{"emulator":{"name":"functions"},"function":{"name":"us-central1-api"},"extension":{},"message":"\u001b[90m> \u001b[39m Payment Request received for amount =  5998"}}
[debug] [2022-05-28T20:05:00.667Z] [runtime-status] [11760] Ephemeral server survived. {"metadata":{"emulator":{"name":"functions"},"function":{"name":"us-central1-api"},"extension":{},"message":"[runtime-status] [11760] Ephemeral server survived."}}
[info] i  functions: Finished "api" in ~1s {"metadata":{"emulator":{"name":"functions"},"function":{"name":"us-central1-api"},"extension":{},"message":"Finished \"api\" in ~1s"}}
[debug] [2022-05-28T20:05:01.021Z] [worker-us-central1-api-ce81e481-699f-4793-b162-9caf8bc337e8]: IDLE {"metadata":{"emulator":{"name":"functions"},"message":"[worker-us-central1-api-ce81e481-699f-4793-b162-9caf8bc337e8]: IDLE"}}
[debug] [2022-05-28T20:05:01.022Z] [work-queue] {"queueLength":0,"workRunningCount":1}
[info] i  functions: Finished "api" in ~1s {"metadata":{"emulator":{"name":"functions"},"function":{"name":"us-central1-api"},"extension":{},"message":"Finished \"api\" in ~1s"}}
[debug] [2022-05-28T20:05:01.146Z] [worker-us-central1-api-e571f067-cbc8-4a06-b387-f21c10292597]: IDLE {"metadata":{"emulator":{"name":"functions"},"message":"[worker-us-central1-api-e571f067-cbc8-4a06-b387-f21c10292597]: IDLE"}}
[debug] [2022-05-28T20:05:01.147Z] [work-queue] {"queueLength":0,"workRunningCount":0}
[debug] [2022-05-28T20:06:49.891Z] [work-queue] {"queueLength":1,"workRunningCount":0}
[debug] [2022-05-28T20:06:49.891Z] [work-queue] {"queueLength":0,"workRunningCount":1}
[debug] [2022-05-28T20:06:49.891Z] Accepted request POST /clone-18m22/us-central1/api/payments/create?total=5998 --> us-central1-api
[debug] [2022-05-28T20:06:49.891Z] [worker-pool] submitWork(triggerId=us-central1-api) {"metadata":{"emulator":{"name":"functions"},"message":"[worker-pool] submitWork(triggerId=us-central1-api)"}}
[debug] [2022-05-28T20:06:49.892Z] [worker-us-central1-api-ce81e481-699f-4793-b162-9caf8bc337e8]: Assigning socketPath: \\?\pipe\D:\Study\Portfolio\amazon-clone\functions\15332 {"metadata":{"emulator":{"name":"functions"},"message":"[worker-us-central1-api-ce81e481-699f-4793-b162-9caf8bc337e8]: Assigning socketPath: \\\\?\\pipe\\D:\\Study\\Portfolio\\amazon-clone\\functions\\15332"}}
[debug] [2022-05-28T20:06:49.892Z] [worker-us-central1-api-ce81e481-699f-4793-b162-9caf8bc337e8]: BUSY {"metadata":{"emulator":{"name":"functions"},"message":"[worker-us-central1-api-ce81e481-699f-4793-b162-9caf8bc337e8]: BUSY"}}
[debug] [2022-05-28T20:06:49.895Z] [work-queue] {"queueLength":1,"workRunningCount":1}
[debug] [2022-05-28T20:06:49.895Z] [work-queue] {"queueLength":0,"workRunningCount":2}
[debug] [2022-05-28T20:06:49.895Z] Accepted request POST /clone-18m22/us-central1/api/payments/create?total=5998 --> us-central1-api
[debug] [2022-05-28T20:06:49.895Z] [worker-pool] submitWork(triggerId=us-central1-api) {"metadata":{"emulator":{"name":"functions"},"message":"[worker-pool] submitWork(triggerId=us-central1-api)"}}
[debug] [2022-05-28T20:06:49.896Z] [worker-us-central1-api-e571f067-cbc8-4a06-b387-f21c10292597]: Assigning socketPath: \\?\pipe\D:\Study\Portfolio\amazon-clone\functions\11760 {"metadata":{"emulator":{"name":"functions"},"message":"[worker-us-central1-api-e571f067-cbc8-4a06-b387-f21c10292597]: Assigning socketPath: \\\\?\\pipe\\D:\\Study\\Portfolio\\amazon-clone\\functions\\11760"}}
[debug] [2022-05-28T20:06:49.896Z] [worker-us-central1-api-e571f067-cbc8-4a06-b387-f21c10292597]: BUSY {"metadata":{"emulator":{"name":"functions"},"message":"[worker-us-central1-api-e571f067-cbc8-4a06-b387-f21c10292597]: BUSY"}}
[debug] [2022-05-28T20:06:49.896Z] [runtime-status] [15332] Beginning invocation function api! {"metadata":{"emulator":{"name":"functions"},"function":{"name":"us-central1-api"},"extension":{},"message":"[runtime-status] [15332] Beginning invocation function api!"}}
[info] i  functions: Beginning execution of "api" {"metadata":{"emulator":{"name":"functions"},"function":{"name":"us-central1-api"},"extension":{},"message":"Beginning execution of \"api\""}}
[debug] [2022-05-28T20:06:49.897Z] [runtime-status] [15332] Running api in signature http {"metadata":{"emulator":{"name":"functions"},"function":{"name":"us-central1-api"},"extension":{},"message":"[runtime-status] [15332] Running api in signature http"}}
[debug] [2022-05-28T20:06:49.898Z] [runtime-status] [15332] Attempting to listen to socketPath: \\?\pipe\D:\Study\Portfolio\amazon-clone\functions\15332 {"metadata":{"emulator":{"name":"functions"},"function":{"name":"us-central1-api"},"extension":{},"message":"[runtime-status] [15332] Attempting to listen to socketPath: \\\\?\\pipe\\D:\\Study\\Portfolio\\amazon-clone\\functions\\15332"}}
[debug] [2022-05-28T20:06:49.899Z] [functions] Runtime ready! Sending request! {"metadata":{"emulator":{"name":"functions"},"message":"[functions] Runtime ready! Sending request!"}}
[debug] [2022-05-28T20:06:49.900Z] [functions] Got req.url=/clone-18m22/us-central1/api/payments/create?total=5998, mapping to path=/payments/create?total=5998 {"metadata":{"emulator":{"name":"functions"},"message":"[functions] Got req.url=/clone-18m22/us-central1/api/payments/create?total=5998, mapping to path=/payments/create?total=5998"}}
[debug] [2022-05-28T20:06:49.902Z] [runtime-status] [11760] Beginning invocation function api! {"metadata":{"emulator":{"name":"functions"},"function":{"name":"us-central1-api"},"extension":{},"message":"[runtime-status] [11760] Beginning invocation function api!"}}
[info] i  functions: Beginning execution of "api" {"metadata":{"emulator":{"name":"functions"},"function":{"name":"us-central1-api"},"extension":{},"message":"Beginning execution of \"api\""}}
[debug] [2022-05-28T20:06:49.904Z] [runtime-status] [11760] Running api in signature http {"metadata":{"emulator":{"name":"functions"},"function":{"name":"us-central1-api"},"extension":{},"message":"[runtime-status] [11760] Running api in signature http"}}
[debug] [2022-05-28T20:06:49.904Z] [runtime-status] [11760] Attempting to listen to socketPath: \\?\pipe\D:\Study\Portfolio\amazon-clone\functions\11760 {"metadata":{"emulator":{"name":"functions"},"function":{"name":"us-central1-api"},"extension":{},"message":"[runtime-status] [11760] Attempting to listen to socketPath: \\\\?\\pipe\\D:\\Study\\Portfolio\\amazon-clone\\functions\\11760"}}
[debug] [2022-05-28T20:06:49.908Z] [functions] Runtime ready! Sending request! {"metadata":{"emulator":{"name":"functions"},"message":"[functions] Runtime ready! Sending request!"}}
[debug] [2022-05-28T20:06:49.909Z] [functions] Got req.url=/clone-18m22/us-central1/api/payments/create?total=5998, mapping to path=/payments/create?total=5998 {"metadata":{"emulator":{"name":"functions"},"message":"[functions] Got req.url=/clone-18m22/us-central1/api/payments/create?total=5998, mapping to path=/payments/create?total=5998"}}
[debug] [2022-05-28T20:06:49.909Z] [runtime-status] [15332] Ephemeral server handling POST request {"metadata":{"emulator":{"name":"functions"},"function":{"name":"us-central1-api"},"extension":{},"message":"[runtime-status] [15332] Ephemeral server handling POST request"}}
[debug] [2022-05-28T20:06:49.911Z] [runtime-status] [11760] Ephemeral server handling POST request {"metadata":{"emulator":{"name":"functions"},"function":{"name":"us-central1-api"},"extension":{},"message":"[runtime-status] [11760] Ephemeral server handling POST request"}}
[info] >  Payment Request received for amount =  5998 {"user":"Payment Request received for amount =  5998","metadata":{"emulator":{"name":"functions"},"function":{"name":"us-central1-api"},"extension":{},"message":"\u001b[90m> \u001b[39m Payment Request received for amount =  5998"}}
[debug] [2022-05-28T20:06:49.913Z] [runtime-status] [11760] Ephemeral server survived. {"metadata":{"emulator":{"name":"functions"},"function":{"name":"us-central1-api"},"extension":{},"message":"[runtime-status] [11760] Ephemeral server survived."}}
[info] >  Payment Request received for amount =  5998 {"user":"Payment Request received for amount =  5998","metadata":{"emulator":{"name":"functions"},"function":{"name":"us-central1-api"},"extension":{},"message":"\u001b[90m> \u001b[39m Payment Request received for amount =  5998"}}
[debug] [2022-05-28T20:06:49.926Z] [runtime-status] [15332] Ephemeral server survived. {"metadata":{"emulator":{"name":"functions"},"function":{"name":"us-central1-api"},"extension":{},"message":"[runtime-status] [15332] Ephemeral server survived."}}
[info] i  functions: Finished "api" in ~1s {"metadata":{"emulator":{"name":"functions"},"function":{"name":"us-central1-api"},"extension":{},"message":"Finished \"api\" in ~1s"}}
[debug] [2022-05-28T20:06:50.244Z] [worker-us-central1-api-ce81e481-699f-4793-b162-9caf8bc337e8]: IDLE {"metadata":{"emulator":{"name":"functions"},"message":"[worker-us-central1-api-ce81e481-699f-4793-b162-9caf8bc337e8]: IDLE"}}
[debug] [2022-05-28T20:06:50.244Z] [work-queue] {"queueLength":0,"workRunningCount":1}
[info] i  functions: Finished "api" in ~1s {"metadata":{"emulator":{"name":"functions"},"function":{"name":"us-central1-api"},"extension":{},"message":"Finished \"api\" in ~1s"}}
[debug] [2022-05-28T20:06:50.248Z] [worker-us-central1-api-e571f067-cbc8-4a06-b387-f21c10292597]: IDLE {"metadata":{"emulator":{"name":"functions"},"message":"[worker-us-central1-api-e571f067-cbc8-4a06-b387-f21c10292597]: IDLE"}}
[debug] [2022-05-28T20:06:50.248Z] [work-queue] {"queueLength":0,"workRunningCount":0}
